<?xml version="1.0" encoding="UTF-8"?>
<!-- Generated by org.testng.reporters.JUnitReportReporter -->
<testsuite skipped="0" hostname="Welcome" name="com.hrms.testscripts.TC_103" tests="1" failures="0" timestamp="13 Dec 2018 16:45:02 GMT" time="23.124" errors="0">
  <testcase name="delEmployee" time="23.124" classname="com.hrms.testscripts.TC_103"/>
</testsuite> <!-- com.hrms.testscripts.TC_103 -->
