<?xml version="1.0" encoding="UTF-8"?>
<!-- Generated by org.testng.reporters.JUnitReportReporter -->
<testsuite skipped="0" hostname="Welcome" name="TestNG.TestngExample" tests="1" failures="0" timestamp="24 Sep 2021 11:56:00 GMT" time="0.009" errors="0">
  <testcase name="test1" time="0.009" classname="TestNG.TestngExample"/>
</testsuite> <!-- TestNG.TestngExample -->
