<?xml version="1.0" encoding="UTF-8"?>
<!-- Generated by org.testng.reporters.JUnitReportReporter -->
<testsuite skipped="0" hostname="Welcome" name="TestNG.NewTest" tests="2" failures="0" timestamp="24 Sep 2021 11:53:31 GMT" time="0.019" errors="0">
  <testcase name="london" time="0.014" classname="TestNG.NewTest"/>
  <testcase name="Canada" time="0.005" classname="TestNG.NewTest"/>
</testsuite> <!-- TestNG.NewTest -->
