<?xml version="1.0" encoding="UTF-8"?>
<!-- Generated by org.testng.reporters.JUnitReportReporter -->
<testsuite hostname="Welcome" failures="0" tests="1" name="com.orange.testscripts.TC_001" time="4.032" errors="0" timestamp="21 Mar 2023 09:04:38 GMT" skipped="0">
  <testcase classname="com.orange.testscripts.TC_001" name="verifyLogin" time="4.032"/>
</testsuite> <!-- com.orange.testscripts.TC_001 -->
