<?xml version="1.0" encoding="UTF-8"?>
<!-- Generated by org.testng.reporters.JUnitReportReporter -->
<testsuite hostname="Welcome" failures="0" tests="1" name="com.RelativeXpath.amazonSignIn" time="2.258" errors="0" timestamp="2023-05-26T16:20:35 IST" skipped="0">
  <testcase classname="com.RelativeXpath.amazonSignIn" name="amazonSignInTest" time="2.258"/>
  <system-out/>
</testsuite> <!-- com.RelativeXpath.amazonSignIn -->
