<?xml version="1.0" encoding="UTF-8"?>
<!-- Generated by org.testng.reporters.JUnitReportReporter -->
<testsuite hostname="Welcome" failures="0" tests="1" name="com.Testcases.reddIff" time="0.790" errors="0" timestamp="2023-05-26T10:33:06 IST" skipped="0">
  <testcase classname="com.Testcases.reddIff" name="reddIff" time="0.790"/>
  <system-out/>
</testsuite> <!-- com.Testcases.reddIff -->
