<?xml version="1.0" encoding="UTF-8"?>
<!-- Generated by org.testng.reporters.JUnitReportReporter -->
<testsuite hostname="Welcome" failures="0" tests="1" name="com.Testcases.RadioButtons" time="2.125" errors="0" timestamp="2023-05-26T10:14:32 IST" skipped="0">
  <testcase classname="com.Testcases.RadioButtons" name="radioButtons" time="2.125"/>
  <system-out/>
</testsuite> <!-- com.Testcases.RadioButtons -->
