<?xml version="1.0" encoding="UTF-8"?>
<!-- Generated by org.testng.reporters.JUnitReportReporter -->
<testsuite hostname="Welcome" failures="0" tests="1" name="com.Testcases.LoginTest" time="46.167" errors="0" timestamp="2023-05-29T16:43:43 IST" skipped="0">
  <testcase classname="com.Testcases.LoginTest" name="loginPageTest" time="46.167"/>
  <system-out/>
</testsuite> <!-- com.Testcases.LoginTest -->
