<?xml version="1.0" encoding="UTF-8"?>
<!-- Generated by org.testng.reporters.JUnitReportReporter -->
<testsuite hostname="Welcome" failures="0" tests="1" name="com.RelativeXpath.elliman" time="16.315" errors="0" timestamp="2023-05-26T15:49:48 IST" skipped="0">
  <testcase classname="com.RelativeXpath.elliman" name="ellimanTest" time="16.315"/>
  <system-out/>
</testsuite> <!-- com.RelativeXpath.elliman -->
