<?xml version="1.0" encoding="UTF-8"?>
<!-- Generated by org.testng.reporters.JUnitReportReporter -->
<testsuite hostname="Welcome" failures="0" tests="1" name="com.RelativeXpath.RediffMail" time="5.580" errors="0" timestamp="2023-05-26T15:01:05 IST" skipped="0">
  <testcase classname="com.RelativeXpath.RediffMail" name="reddIff" time="5.580"/>
  <system-out/>
</testsuite> <!-- com.RelativeXpath.RediffMail -->
