<?xml version="1.0" encoding="UTF-8"?>
<!-- Generated by org.testng.reporters.JUnitReportReporter -->
<testsuite skipped="0" hostname="Welcome" name="com.encourage.testscripts.AllPagesOpening" tests="1" failures="0" timestamp="19 Jan 2019 10:21:49 GMT" time="29.487" errors="0">
  <testcase name="All_pages" time="29.487" classname="com.encourage.testscripts.AllPagesOpening"/>
</testsuite> <!-- com.encourage.testscripts.AllPagesOpening -->
